<?xml version="1.0" encoding="UTF-8"?>
<testsuites name="Login test" time="23.739" tests="3" failures="0" errors="0">
   <testsuite name="Login test" tests="3" failures="0" errors="0" time="23.739" skipped="0" timestamp="2023-01-20 21:42:16" hostname="dimas - LAPTOP-6BQ6KBE7" id="Test Suites/Login test">
      <properties>
         <property name="deviceName" value=""/>
         <property name="devicePlatform" value=""/>
         <property name="logFolder" value="C:\\Users\\dimas\\git\\Latihan-Katalon-Data-Driven-Testing\\Reports\\20230120_214213\\Login test\\20230120_214213"/>
         <property name="logFiles" value="C:\\Users\\dimas\\git\\Latihan-Katalon-Data-Driven-Testing\\Reports\\20230120_214213\\Login test\\20230120_214213\\execution0.log"/>
         <property name="attachments" value=""/>
         <property name="hostName" value="dimas - LAPTOP-6BQ6KBE7"/>
         <property name="os" value="Windows 10 64bit"/>
         <property name="katalonVersion" value="8.5.5.208"/>
         <property name="browser" value="Chrome 109.0.0.0"/>
         <property name="hostAddress" value="192.168.100.4"/>
         <property name="sessionId" value="8b9f52501950d4b3f144937bc010692d"/>
         <property name="seleniumVersion" value="3.141.59"/>
         <property name="proxyInformation" value="ProxyInformation { proxyOption=NO_PROXY, proxyServerType=HTTP, username=, password=********, proxyServerAddress=, proxyServerPort=0, executionList=&quot;&quot;, isApplyToDesiredCapabilities=true }"/>
         <property name="platform" value="Windows 10"/>
      </properties>
      <testcase name="Test Cases/TS01-Login/TC01-Login Successfully data1" time="7.709" classname="Test Cases/TS01-Login/TC01-Login Successfully data1" status="PASSED">
         <system-out><![CDATA[2023-01-20 21:42:16 - [TEST_CASE][PASSED] - Test Cases/TS01-Login/TC01-Login Successfully data1: Test Cases/TS01-Login/TC01-Login Successfully data1

2023-01-20 21:42:17 - [TEST_STEP][PASSED] - openBrowser(""): Browser is opened with url: ''

2023-01-20 21:42:17 - [MESSAGE][INFO] - Starting 'Chrome' driver

2023-01-20 21:42:18 - [MESSAGE][INFO] - Action delay is set to 0 milliseconds

2023-01-20 21:42:20 - [MESSAGE][PASSED] - Browser is opened with url: ''

2023-01-20 21:42:20 - [TEST_STEP][PASSED] - navigateToUrl("https://www.saucedemo.com/"): Navigate to 'https://www.saucedemo.com/' successfully

2023-01-20 21:42:20 - [MESSAGE][PASSED] - Navigate to 'https://www.saucedemo.com/' successfully

2023-01-20 21:42:20 - [TEST_STEP][PASSED] - setText(findTestObject("Object Repository/Page_Swag Labs/input_standard_userlocked_out_userproblem_u_3423e9"), password): Text 'secret_sauce' is set on object 'Object Repository/Page_Swag Labs/input_standard_userlocked_out_userproblem_u_3423e9'

2023-01-20 21:42:21 - [MESSAGE][PASSED] - Text 'secret_sauce' is set on object 'Object Repository/Page_Swag Labs/input_standard_userlocked_out_userproblem_u_3423e9'

2023-01-20 21:42:21 - [TEST_STEP][PASSED] - setText(findTestObject("Object Repository/Page_Swag Labs/input_standard_userlocked_out_userproblem_u_db77ac"), username): Text 'standard_user' is set on object 'Object Repository/Page_Swag Labs/input_standard_userlocked_out_userproblem_u_db77ac'

2023-01-20 21:42:22 - [MESSAGE][PASSED] - Text 'standard_user' is set on object 'Object Repository/Page_Swag Labs/input_standard_userlocked_out_userproblem_u_db77ac'

2023-01-20 21:42:22 - [TEST_STEP][PASSED] - click(findTestObject("Object Repository/Page_Swag Labs/input_standard_userlocked_out_userproblem_u_0dff71")): Object: 'Object Repository/Page_Swag Labs/input_standard_userlocked_out_userproblem_u_0dff71' is clicked on

2023-01-20 21:42:22 - [MESSAGE][PASSED] - Object: 'Object Repository/Page_Swag Labs/input_standard_userlocked_out_userproblem_u_0dff71' is clicked on

2023-01-20 21:42:22 - [TEST_STEP][PASSED] - verifyTextPresent("PRODUCTS", false): Text 'PRODUCTS' is present on page 

2023-01-20 21:42:23 - [MESSAGE][PASSED] - Text 'PRODUCTS' is present on page 

2023-01-20 21:42:23 - [TEST_STEP][PASSED] - closeBrowser(): Browser is closed

2023-01-20 21:42:24 - [MESSAGE][PASSED] - Browser is closed]]></system-out>
         <system-err><![CDATA[]]></system-err>
      </testcase>
      <testcase name="Test Cases/TS01-Login/TC01-Login Successfully data1" time="5.453" classname="Test Cases/TS01-Login/TC01-Login Successfully data1" status="PASSED">
         <system-out><![CDATA[2023-01-20 21:42:24 - [TEST_CASE][PASSED] - Test Cases/TS01-Login/TC01-Login Successfully data1: Test Cases/TS01-Login/TC01-Login Successfully data1

2023-01-20 21:42:24 - [TEST_STEP][PASSED] - openBrowser(""): Browser is opened with url: ''

2023-01-20 21:42:24 - [MESSAGE][INFO] - Starting 'Chrome' driver

2023-01-20 21:42:24 - [MESSAGE][INFO] - Action delay is set to 0 milliseconds

2023-01-20 21:42:25 - [MESSAGE][PASSED] - Browser is opened with url: ''

2023-01-20 21:42:25 - [TEST_STEP][PASSED] - navigateToUrl("https://www.saucedemo.com/"): Navigate to 'https://www.saucedemo.com/' successfully

2023-01-20 21:42:26 - [MESSAGE][PASSED] - Navigate to 'https://www.saucedemo.com/' successfully

2023-01-20 21:42:26 - [TEST_STEP][PASSED] - setText(findTestObject("Object Repository/Page_Swag Labs/input_standard_userlocked_out_userproblem_u_3423e9"), password): Text 'secret_sauce' is set on object 'Object Repository/Page_Swag Labs/input_standard_userlocked_out_userproblem_u_3423e9'

2023-01-20 21:42:27 - [MESSAGE][PASSED] - Text 'secret_sauce' is set on object 'Object Repository/Page_Swag Labs/input_standard_userlocked_out_userproblem_u_3423e9'

2023-01-20 21:42:27 - [TEST_STEP][PASSED] - setText(findTestObject("Object Repository/Page_Swag Labs/input_standard_userlocked_out_userproblem_u_db77ac"), username): Text 'problem_user' is set on object 'Object Repository/Page_Swag Labs/input_standard_userlocked_out_userproblem_u_db77ac'

2023-01-20 21:42:27 - [MESSAGE][PASSED] - Text 'problem_user' is set on object 'Object Repository/Page_Swag Labs/input_standard_userlocked_out_userproblem_u_db77ac'

2023-01-20 21:42:27 - [TEST_STEP][PASSED] - click(findTestObject("Object Repository/Page_Swag Labs/input_standard_userlocked_out_userproblem_u_0dff71")): Object: 'Object Repository/Page_Swag Labs/input_standard_userlocked_out_userproblem_u_0dff71' is clicked on

2023-01-20 21:42:28 - [MESSAGE][PASSED] - Object: 'Object Repository/Page_Swag Labs/input_standard_userlocked_out_userproblem_u_0dff71' is clicked on

2023-01-20 21:42:28 - [TEST_STEP][PASSED] - verifyTextPresent("PRODUCTS", false): Text 'PRODUCTS' is present on page 

2023-01-20 21:42:28 - [MESSAGE][PASSED] - Text 'PRODUCTS' is present on page 

2023-01-20 21:42:28 - [TEST_STEP][PASSED] - closeBrowser(): Browser is closed

2023-01-20 21:42:30 - [MESSAGE][PASSED] - Browser is closed]]></system-out>
         <system-err><![CDATA[]]></system-err>
      </testcase>
      <testcase name="Test Cases/TS01-Login/TC01-Login Successfully data1" time="9.98" classname="Test Cases/TS01-Login/TC01-Login Successfully data1" status="PASSED">
         <system-out><![CDATA[2023-01-20 21:42:30 - [TEST_CASE][PASSED] - Test Cases/TS01-Login/TC01-Login Successfully data1: Test Cases/TS01-Login/TC01-Login Successfully data1

2023-01-20 21:42:30 - [TEST_STEP][PASSED] - openBrowser(""): Browser is opened with url: ''

2023-01-20 21:42:30 - [MESSAGE][INFO] - Starting 'Chrome' driver

2023-01-20 21:42:30 - [MESSAGE][INFO] - Action delay is set to 0 milliseconds

2023-01-20 21:42:31 - [MESSAGE][PASSED] - Browser is opened with url: ''

2023-01-20 21:42:31 - [TEST_STEP][PASSED] - navigateToUrl("https://www.saucedemo.com/"): Navigate to 'https://www.saucedemo.com/' successfully

2023-01-20 21:42:31 - [MESSAGE][PASSED] - Navigate to 'https://www.saucedemo.com/' successfully

2023-01-20 21:42:31 - [TEST_STEP][PASSED] - setText(findTestObject("Object Repository/Page_Swag Labs/input_standard_userlocked_out_userproblem_u_3423e9"), password): Text 'secret_sauce' is set on object 'Object Repository/Page_Swag Labs/input_standard_userlocked_out_userproblem_u_3423e9'

2023-01-20 21:42:32 - [MESSAGE][PASSED] - Text 'secret_sauce' is set on object 'Object Repository/Page_Swag Labs/input_standard_userlocked_out_userproblem_u_3423e9'

2023-01-20 21:42:32 - [TEST_STEP][PASSED] - setText(findTestObject("Object Repository/Page_Swag Labs/input_standard_userlocked_out_userproblem_u_db77ac"), username): Text 'performance_glitch_user' is set on object 'Object Repository/Page_Swag Labs/input_standard_userlocked_out_userproblem_u_db77ac'

2023-01-20 21:42:33 - [MESSAGE][PASSED] - Text 'performance_glitch_user' is set on object 'Object Repository/Page_Swag Labs/input_standard_userlocked_out_userproblem_u_db77ac'

2023-01-20 21:42:33 - [TEST_STEP][PASSED] - click(findTestObject("Object Repository/Page_Swag Labs/input_standard_userlocked_out_userproblem_u_0dff71")): Object: 'Object Repository/Page_Swag Labs/input_standard_userlocked_out_userproblem_u_0dff71' is clicked on

2023-01-20 21:42:39 - [MESSAGE][PASSED] - Object: 'Object Repository/Page_Swag Labs/input_standard_userlocked_out_userproblem_u_0dff71' is clicked on

2023-01-20 21:42:39 - [TEST_STEP][PASSED] - verifyTextPresent("PRODUCTS", false): Text 'PRODUCTS' is present on page 

2023-01-20 21:42:39 - [MESSAGE][PASSED] - Text 'PRODUCTS' is present on page 

2023-01-20 21:42:39 - [TEST_STEP][PASSED] - closeBrowser(): Browser is closed

2023-01-20 21:42:40 - [MESSAGE][PASSED] - Browser is closed]]></system-out>
         <system-err><![CDATA[]]></system-err>
      </testcase>
      <system-out><![CDATA[2023-01-20 21:42:16 - [TEST_SUITE][PASSED] - Login test: Test Cases/TS01-Login/TC01-Login Successfully data1]]></system-out>
      <system-err><![CDATA[]]></system-err>
   </testsuite>
</testsuites>
